<?xml version="1.0" encoding="UTF-8"?>
<!-- Generated by org.testng.reporters.JUnitReportReporter -->
<testsuite skipped="0" hostname="LAPTOP-29E7URT6" name="companyName.ProjectName.ModuleName.testCases.CreateAnNewAccount3" tests="1" failures="0" timestamp="21 May 2021 13:10:30 GMT" time="15.837" errors="0">
  <testcase name="createAnNewAccount3" time="15.837" classname="companyName.ProjectName.ModuleName.testCases.CreateAnNewAccount3"/>
</testsuite> <!-- companyName.ProjectName.ModuleName.testCases.CreateAnNewAccount3 -->
