<?xml version="1.0" encoding="UTF-8"?>
<!-- Generated by org.testng.reporters.JUnitReportReporter -->
<testsuite skipped="1" hostname="LAPTOP-29E7URT6" name="companyName.ProjectName.ModuleName.testCases.CreateAnNewAccount3" tests="1" failures="0" timestamp="05 Jun 2021 04:29:36 GMT" time="0.000" errors="0">
  <testcase name="createAnNewAccount3" time="0.000" classname="companyName.ProjectName.ModuleName.testCases.CreateAnNewAccount3">
    <skipped/>
  </testcase> <!-- createAnNewAccount3 -->
</testsuite> <!-- companyName.ProjectName.ModuleName.testCases.CreateAnNewAccount3 -->
