<?xml version="1.0" encoding="UTF-8"?>
<!-- Generated by org.testng.reporters.JUnitReportReporter -->
<testsuite skipped="0" hostname="LIN51007546" name="companyName.ProjectName.ModuleName.testCases.ClassNameTestddsfsfsf" tests="1" failures="0" timestamp="2021-05-09T15:32:46 IST" time="0.019" errors="0">
  <testcase name="name" time="0.019" classname="companyName.ProjectName.ModuleName.testCases.ClassNameTestddsfsfsf"/>
  <system-out/>
</testsuite> <!-- companyName.ProjectName.ModuleName.testCases.ClassNameTestddsfsfsf -->
