<?xml version="1.0" encoding="UTF-8"?>
<!-- Generated by org.testng.reporters.JUnitReportReporter -->
<testsuite skipped="0" hostname="LIN51007546" name="testCases.CreateAnNewAccount" tests="1" failures="0" timestamp="2021-05-08T09:58:56 IST" time="29.429" errors="0">
  <testcase name="createAnNewAccount" time="29.429" classname="testCases.CreateAnNewAccount"/>
  <system-out/>
</testsuite> <!-- testCases.CreateAnNewAccount -->
