<?xml version="1.0" encoding="UTF-8"?>
<!-- Generated by org.testng.reporters.JUnitReportReporter -->
<testsuite skipped="0" hostname="LAPTOP-29E7URT6" name="companyName.ProjectName.ModuleName.rough.ClassNameTestddsfsfsf" tests="1" failures="0" timestamp="31 May 2021 08:08:00 GMT" time="0.000" errors="0">
  <testcase name="name" time="0.000" classname="companyName.ProjectName.ModuleName.rough.ClassNameTestddsfsfsf"/>
</testsuite> <!-- companyName.ProjectName.ModuleName.rough.ClassNameTestddsfsfsf -->
