<?xml version="1.0" encoding="UTF-8"?>
<!-- Generated by org.testng.reporters.JUnitReportReporter -->
<testsuite hostname="LIN51007546" name="testCases.TestCase1" tests="1" failures="0" timestamp="25 Apr 2021 05:46:42 GMT" time="0.003" errors="0">
  <testcase name="testCase1" time="0.003" classname="testCases.TestCase1"/>
</testsuite> <!-- testCases.TestCase1 -->
