<?xml version="1.0" encoding="UTF-8"?>
<!-- Generated by org.testng.reporters.JUnitReportReporter -->
<testsuite hostname="LIN51007546" name="rough.TryCatchBlock" tests="1" failures="0" timestamp="2 May 2021 09:32:19 GMT" time="0.030" errors="0">
  <testcase name="tryCatchBlock" time="0.030" classname="rough.TryCatchBlock"/>
</testsuite> <!-- rough.TryCatchBlock -->
