<?xml version="1.0" encoding="UTF-8"?>
<!-- Generated by org.testng.reporters.JUnitReportReporter -->
<testsuite skipped="0" hostname="LIN51007546" name="companyName.ProjectName.ModuleName.testCases.CreateAnNewAccount3" tests="1" failures="0" timestamp="2021-05-15T10:58:45 IST" time="26.251" errors="0">
  <testcase name="createAnNewAccount3" time="26.251" classname="companyName.ProjectName.ModuleName.testCases.CreateAnNewAccount3"/>
  <system-out/>
</testsuite> <!-- companyName.ProjectName.ModuleName.testCases.CreateAnNewAccount3 -->
