<?xml version="1.0" encoding="UTF-8"?>
<!-- Generated by org.testng.reporters.JUnitReportReporter -->
<testsuite skipped="0" hostname="LIN51007546" name="companyName.ProjectName.ModuleName.testCases.CreateAnNewAccount1" tests="1" failures="0" timestamp="2021-05-16T10:59:04 IST" time="22.423" errors="0">
  <testcase name="createAnNewAccount1" time="22.423" classname="companyName.ProjectName.ModuleName.testCases.CreateAnNewAccount1"/>
  <system-out/>
</testsuite> <!-- companyName.ProjectName.ModuleName.testCases.CreateAnNewAccount1 -->
