<?xml version="1.0" encoding="UTF-8"?>
<!-- Generated by org.testng.reporters.JUnitReportReporter -->
<testsuite skipped="0" hostname="LIN51007546" name="companyName.ProjectName.ModuleName.testCases.ClassName" tests="1" failures="0" timestamp="2021-05-09T15:32:18 IST" time="0.018" errors="0">
  <testcase name="name" time="0.018" classname="companyName.ProjectName.ModuleName.testCases.ClassName"/>
  <system-out/>
</testsuite> <!-- companyName.ProjectName.ModuleName.testCases.ClassName -->
