<?xml version="1.0" encoding="UTF-8"?>
<!-- Generated by org.testng.reporters.JUnitReportReporter -->
<testsuite skipped="0" hostname="LAPTOP-29E7URT6" name="companyName.ProjectName.ModuleName.testCases.CreateAnNewAccount2" tests="1" failures="0" timestamp="30 May 2021 09:23:26 GMT" time="20.634" errors="0">
  <testcase name="createAnNewAccount2" time="20.634" classname="companyName.ProjectName.ModuleName.testCases.CreateAnNewAccount2"/>
</testsuite> <!-- companyName.ProjectName.ModuleName.testCases.CreateAnNewAccount2 -->
