<?xml version="1.0" encoding="UTF-8"?>
<!-- Generated by org.testng.reporters.JUnitReportReporter -->
<testsuite hostname="LIN51007546" name="testCases.TestCase4" tests="1" failures="0" timestamp="25 Apr 2021 05:46:42 GMT" time="0.002" errors="0">
  <testcase name="testCase4" time="0.002" classname="testCases.TestCase4"/>
</testsuite> <!-- testCases.TestCase4 -->
