<?xml version="1.0" encoding="UTF-8"?>
<!-- Generated by org.testng.reporters.JUnitReportReporter -->
<testsuite skipped="0" hostname="LIN51007546" name="testCases.CreateAnNewAccount2" tests="1" failures="0" timestamp="2021-05-08T09:38:07 IST" time="27.477" errors="0">
  <testcase name="createAnNewAccount2" time="27.477" classname="testCases.CreateAnNewAccount2"/>
  <system-out/>
</testsuite> <!-- testCases.CreateAnNewAccount2 -->
