<?xml version="1.0" encoding="UTF-8"?>
<!-- Generated by org.testng.reporters.JUnitReportReporter -->
<testsuite skipped="0" hostname="LAPTOP-29E7URT6" name="companyName.ProjectName.ModuleName.testCases.CreateAnNewAccount2" tests="1" failures="0" timestamp="05 Jun 2021 03:52:37 GMT" time="18.056" errors="0">
  <testcase name="createAnNewAccount2" time="18.056" classname="companyName.ProjectName.ModuleName.testCases.CreateAnNewAccount2"/>
</testsuite> <!-- companyName.ProjectName.ModuleName.testCases.CreateAnNewAccount2 -->
