<?xml version="1.0" encoding="UTF-8"?>
<!-- Generated by org.testng.reporters.JUnitReportReporter -->
<testsuite skipped="0" hostname="LAPTOP-29E7URT6" name="companyName.ProjectName.ModuleName.testCases.CreateAnNewAccount1" tests="1" failures="0" timestamp="22 May 2021 17:45:24 GMT" time="18.308" errors="0">
  <testcase name="createAnNewAccount1" time="18.308" classname="companyName.ProjectName.ModuleName.testCases.CreateAnNewAccount1"/>
</testsuite> <!-- companyName.ProjectName.ModuleName.testCases.CreateAnNewAccount1 -->
