<?xml version="1.0" encoding="UTF-8"?>
<!-- Generated by org.testng.reporters.JUnitReportReporter -->
<testsuite hostname="LIN51007546" name="companyName.ProjectName.ModuleName.testCases.CreateAnNewAccount3" tests="1" failures="0" timestamp="16 May 2021 04:09:54 GMT" time="20.820" errors="0">
  <testcase name="createAnNewAccount3" time="20.820" classname="companyName.ProjectName.ModuleName.testCases.CreateAnNewAccount3"/>
</testsuite> <!-- companyName.ProjectName.ModuleName.testCases.CreateAnNewAccount3 -->
