<?xml version="1.0" encoding="UTF-8"?>
<!-- Generated by org.testng.reporters.JUnitReportReporter -->
<testsuite skipped="1" hostname="LAPTOP-29E7URT6" name="companyName.ProjectName.ModuleName.testCases.CreateAnNewAccount1" tests="1" failures="0" timestamp="05 Jun 2021 03:52:37 GMT" time="0.000" errors="0">
  <testcase name="createAnNewAccount1" time="0.000" classname="companyName.ProjectName.ModuleName.testCases.CreateAnNewAccount1">
    <skipped/>
  </testcase> <!-- createAnNewAccount1 -->
</testsuite> <!-- companyName.ProjectName.ModuleName.testCases.CreateAnNewAccount1 -->
